\BOOKMARK [0][-]{chapter.1}{\376\377\000S\000e\000t\000\040\000T\000h\000e\000o\000r\000y\000\040\000a\000n\000d\000\040\000C\000o\000u\000n\000t\000i\000n\000g\000\040\000T\000e\000c\000h\000n\000i\000q\000u\000e\000s}{}% 1
\BOOKMARK [1][-]{section.1.1}{\376\377\000N\000o\000t\000i\000o\000n\000\040\000o\000f\000\040\000s\000e\000t\000s}{chapter.1}% 2
\BOOKMARK [1][-]{section.1.2}{\376\377\000S\000e\000t\000\040\000O\000p\000e\000r\000a\000t\000i\000o\000n\000s}{chapter.1}% 3
\BOOKMARK [2][-]{subsection.1.2.1}{\376\377\000P\000r\000o\000o\000f\000\040\000b\000y\000\040\000i\000n\000d\000u\000c\000t\000i\000o\000n}{section.1.2}% 4
\BOOKMARK [1][-]{section.1.3}{\376\377\000C\000o\000u\000n\000t\000i\000n\000g\000\040\000T\000e\000c\000h\000n\000i\000q\000u\000e\000s}{chapter.1}% 5
\BOOKMARK [0][-]{chapter.2}{\376\377\000P\000r\000o\000b\000a\000b\000i\000l\000i\000t\000y}{}% 6
\BOOKMARK [1][-]{section.2.1}{\376\377\000T\000h\000e\000\040\000c\000l\000a\000s\000s\000i\000c\000a\000l\000\040\000d\000e\000f\000i\000n\000i\000t\000i\000o\000n\000\040\000o\000f\000\040\000p\000r\000o\000b\000a\000b\000i\000l\000i\000t\000y}{chapter.2}% 7
\BOOKMARK [1][-]{section.2.2}{\376\377\000A\000x\000i\000o\000m\000a\000t\000i\000c\000\040\000E\000x\000p\000l\000a\000n\000a\000t\000i\000o\000n}{chapter.2}% 8
\BOOKMARK [0][-]{chapter.3}{\376\377\000R\000a\000n\000d\000o\000m\000\040\000V\000a\000r\000i\000a\000b\000l\000e\000s}{}% 9
\BOOKMARK [1][-]{section.3.1}{\376\377\000D\000e\000n\000s\000i\000t\000y\000\040\000f\000u\000n\000c\000t\000i\000o\000n}{chapter.3}% 10
\BOOKMARK [1][-]{section.3.2}{\376\377\000C\000u\000m\000u\000l\000a\000t\000i\000v\000e\000\040\000D\000i\000s\000t\000r\000i\000b\000u\000t\000i\000o\000n}{chapter.3}% 11
\BOOKMARK [1][-]{section.3.3}{\376\377\000P\000e\000r\000c\000e\000n\000t\000i\000l\000e\000s\000\040\000a\000n\000d\000\040\000Q\000u\000a\000n\000t\000i\000l\000e\000s}{chapter.3}% 12
\BOOKMARK [2][-]{subsection.3.3.1}{\376\377\000M\000o\000d\000e}{section.3.3}% 13
\BOOKMARK [1][-]{section.3.4}{\376\377\000E\000x\000p\000e\000c\000t\000e\000d\000\040\000V\000a\000l\000u\000e\000\040\000a\000n\000d\000\040\000M\000o\000m\000e\000n\000t\000s}{chapter.3}% 14
\BOOKMARK [2][-]{subsection.3.4.1}{\376\377\000V\000a\000r\000i\000a\000n\000c\000e}{section.3.4}% 15
\BOOKMARK [2][-]{subsection.3.4.2}{\376\377\000T\000h\000e\000\040\000C\000o\000e\000f\000f\000i\000c\000i\000e\000n\000t\000\040\000o\000f\000\040\000V\000a\000r\000i\000a\000t\000i\000o\000n}{section.3.4}% 16
\BOOKMARK [1][-]{section.3.5}{\376\377\000D\000i\000s\000c\000r\000e\000t\000e\000\040\000R\000a\000n\000d\000o\000m\000\040\000V\000a\000r\000i\000a\000b\000l\000e\000s}{chapter.3}% 17
\BOOKMARK [2][-]{subsection.3.5.1}{\376\377\000B\000i\000n\000o\000m\000i\000a\000l\000\040\000d\000i\000s\000t\000r\000i\000b\000u\000t\000i\000o\000n}{section.3.5}% 18
\BOOKMARK [2][-]{subsection.3.5.2}{\376\377\000G\000e\000o\000m\000e\000t\000r\000i\000c\000\040\000d\000i\000s\000t\000r\000i\000b\000u\000t\000i\000o\000n}{section.3.5}% 19
\BOOKMARK [1][-]{section.3.6}{\376\377\000C\000o\000n\000t\000i\000n\000u\000o\000u\000s\000\040\000P\000r\000o\000b\000a\000b\000i\000l\000i\000t\000y\000\040\000D\000i\000s\000t\000r\000i\000b\000u\000t\000i\000o\000n\000s}{chapter.3}% 20
\BOOKMARK [2][-]{subsection.3.6.1}{\376\377\000U\000n\000i\000f\000o\000r\000m\000\040\000P\000r\000o\000b\000a\000b\000i\000l\000i\000t\000y\000\040\000D\000i\000s\000t\000r\000i\000b\000u\000t\000i\000o\000n}{section.3.6}% 21
\BOOKMARK [2][-]{subsection.3.6.2}{\376\377\000E\000x\000p\000o\000n\000e\000n\000t\000i\000a\000l\000\040\000D\000i\000s\000t\000r\000i\000b\000u\000t\000i\000o\000n}{section.3.6}% 22
\BOOKMARK [1][-]{section.3.7}{\376\377\000G\000a\000m\000m\000a\000\040\000D\000i\000s\000t\000r\000i\000b\000u\000t\000i\000o\000n}{chapter.3}% 23
\BOOKMARK [2][-]{subsection.3.7.1}{\376\377\000C\000h\000i\000-\000s\000q\000u\000a\000r\000e\000\040\000d\000i\000s\000t\000r\000i\000b\000u\000t\000i\000o\000n}{section.3.7}% 24
\BOOKMARK [0][-]{chapter.4}{\376\377\000M\000u\000l\000t\000i\000v\000a\000r\000i\000a\000t\000e\000\040\000r\000a\000n\000d\000o\000m\000\040\000v\000a\000r\000i\000a\000b\000l\000e\000s}{}% 25
\BOOKMARK [1][-]{section.4.1}{\376\377\000c\000o\000n\000t\000i\000n\000u\000o\000u\000s\000\040\000r\000a\000n\000d\000o\000m\000\040\000v\000e\000c\000t\000o\000r\000s}{chapter.4}% 26
\BOOKMARK [1][-]{section.4.2}{\376\377\000C\000o\000n\000d\000i\000t\000i\000o\000n\000a\000l\000\040\000d\000i\000s\000t\000r\000i\000b\000u\000t\000i\000o\000n\000s}{chapter.4}% 27
\BOOKMARK [1][-]{section.4.3}{\376\377\000J\000o\000i\000n\000t\000\040\000M\000o\000m\000e\000n\000t\000\040\000G\000e\000n\000e\000r\000a\000t\000i\000n\000g\000\040\000F\000u\000n\000c\000t\000i\000o\000n}{chapter.4}% 28
\BOOKMARK [1][-]{section.4.4}{\376\377\000M\000u\000l\000t\000i\000v\000a\000r\000i\000a\000t\000e\000\040\000N\000o\000r\000m\000a\000l\000\040\000D\000i\000s\000t\000r\000i\000b\000u\000t\000i\000o\000n}{chapter.4}% 29
\BOOKMARK [2][-]{subsection.4.4.1}{\376\377\000C\000o\000r\000r\000e\000l\000a\000t\000i\000o\000n\000\040\000i\000n\000d\000e\000x\000\040\000a\000n\000d\000\040\000C\000o\000r\000r\000e\000l\000a\000t\000i\000o\000n\000\040\000r\000a\000t\000i\000o}{section.4.4}% 30
\BOOKMARK [1][-]{section.4.5}{\376\377\000R\000e\000g\000r\000e\000s\000s\000i\000o\000n}{chapter.4}% 31
\BOOKMARK [2][-]{subsection.4.5.1}{\376\377\000C\000o\000r\000r\000e\000l\000a\000t\000i\000o\000n\000\040\000c\000o\000e\000f\000f\000i\000c\000i\000e\000n\000t\000\040\000b\000e\000t\000w\000e\000e\000n\000\040\000Y\000\040\000a\000n\000d\000\040\000X}{section.4.5}% 32
\BOOKMARK [2][-]{subsection.4.5.2}{\376\377\000D\000e\000t\000e\000r\000m\000i\000n\000a\000t\000i\000o\000n\000\040\000o\000f\000\040\000r\000e\000g\000r\000e\000s\000s\000i\000o\000n\000\040\000e\000q\000u\000a\000t\000i\000o\000n\000\040\000o\000r\000\040\000r\000e\000g\000r\000e\000s\000s\000i\000o\000n\000\040\000c\000u\000r\000v\000e}{section.4.5}% 33
\BOOKMARK [0][-]{chapter.5}{\376\377\000T\000r\000a\000n\000s\000f\000o\000r\000m\000a\000t\000i\000o\000n\000\040\000o\000f\000\040\000R\000a\000n\000d\000o\000m\000\040\000V\000a\000r\000i\000a\000b\000l\000e\000s}{}% 34
\BOOKMARK [1][-]{section.5.1}{\376\377\000T\000r\000a\000n\000s\000f\000o\000r\000m\000\040\000o\000f\000\040\000D\000i\000s\000c\000r\000e\000t\000e\000\040\000R\000a\000n\000d\000o\000m\000\040\000V\000a\000r\000i\000a\000b\000l\000e}{chapter.5}% 35
\BOOKMARK [1][-]{section.5.2}{\376\377\000C\000o\000n\000t\000i\000n\000u\000o\000u\000s\000\040\000r\000a\000n\000d\000o\000m\000\040\000v\000a\000r\000i\000a\000b\000l\000e}{chapter.5}% 36
\BOOKMARK [1][-]{section.5.3}{\376\377\000T\000r\000a\000n\000s\000f\000o\000r\000m\000a\000t\000i\000o\000n\000\040\000o\000f\000\040\000J\000o\000i\000n\000t\000\040\000d\000i\000s\000t\000r\000i\000b\000u\000t\000i\000o\000n}{chapter.5}% 37
\BOOKMARK [1][-]{section.5.4}{\376\377\000M\000o\000m\000e\000n\000t\000\040\000G\000e\000n\000e\000r\000a\000t\000i\000n\000g\000\040\000M\000e\000t\000h\000o\000d\000s}{chapter.5}% 38
\BOOKMARK [1][-]{section.5.5}{\376\377\000O\000r\000d\000e\000r\000\040\000S\000t\000a\000t\000i\000s\000t\000i\000c\000s}{chapter.5}% 39
\BOOKMARK [0][-]{chapter.6}{\376\377\000L\000i\000m\000i\000t\000i\000n\000g\000\040\000D\000i\000s\000t\000r\000i\000b\000u\000t\000i\000o\000n}{}% 40
\BOOKMARK [1][-]{section.6.1}{\376\377\000P\000r\000o\000b\000a\000b\000i\000l\000i\000t\000y\000\040\000i\000n\000e\000q\000u\000a\000l\000i\000t\000y}{chapter.6}% 41
\BOOKMARK [1][-]{section.6.2}{\376\377\000C\000o\000v\000e\000r\000g\000e\000n\000c\000e\000\040\000i\000n\000\040\000d\000i\000s\000t\000r\000i\000b\000u\000t\000i\000o\000n}{chapter.6}% 42
\BOOKMARK [1][-]{section.6.3}{\376\377\000L\000a\000w\000\040\000o\000f\000\040\000L\000a\000r\000g\000e\000\040\000N\000u\000m\000b\000e\000r\000s}{chapter.6}% 43
\BOOKMARK [1][-]{section.6.4}{\376\377\000C\000e\000n\000t\000r\000a\000l\000\040\000L\000i\000m\000i\000t\000\040\000T\000h\000e\000o\000r\000e\000m}{chapter.6}% 44
\BOOKMARK [0][-]{chapter.7}{\376\377\000D\000e\000c\000i\000s\000i\000o\000n\000\040\000t\000h\000e\000o\000r\000y}{}% 45
\BOOKMARK [1][-]{section.7.1}{\376\377\000V\000a\000l\000u\000e\000-\000a\000t\000-\000r\000i\000s\000k}{chapter.7}% 46
\BOOKMARK [1][-]{section.7.2}{\376\377\000A\000d\000m\000i\000s\000s\000i\000b\000l\000e}{chapter.7}% 47
\BOOKMARK [0][-]{chapter.8}{\376\377\000S\000a\000m\000p\000l\000i\000n\000g\000\040\000D\000i\000s\000t\000r\000i\000b\000u\000t\000i\000o\000n\000s}{}% 48
\BOOKMARK [1][-]{section.8.1}{\376\377\000S\000n\000e\000d\000e\000c\000o\000r\000'\000s\000\040\000F\000-\000d\000i\000s\000t\000r\000i\000b\000u\000t\000i\000o\000n}{chapter.8}% 49
\BOOKMARK [0][-]{chapter.9}{\376\377\000D\000e\000s\000c\000r\000i\000p\000t\000i\000v\000e\000\040\000S\000t\000a\000t\000i\000s\000t\000i\000c\000s}{}% 50
\BOOKMARK [1][-]{section.9.1}{\376\377\000W\000h\000a\000t\000\040\000i\000s\000\040\000S\000t\000a\000t\000i\000s\000t\000i\000c\000s\000?}{chapter.9}% 51
\BOOKMARK [1][-]{section.9.2}{\376\377\000C\000o\000l\000l\000e\000c\000t\000i\000n\000g\000\040\000D\000a\000t\000a}{chapter.9}% 52
\BOOKMARK [1][-]{section.9.3}{\376\377\000P\000r\000e\000s\000e\000n\000t\000a\000t\000i\000o\000n\000\040\000o\000f\000\040\000D\000a\000t\000a}{chapter.9}% 53
\BOOKMARK [2][-]{subsection.9.3.1}{}{section.9.3}% 54
\BOOKMARK [1][-]{section.9.4}{\376\377\000F\000r\000e\000q\000u\000e\000n\000c\000y\000\040\000d\000i\000s\000t\000r\000i\000b\000u\000t\000i\000o\000n}{chapter.9}% 55
\BOOKMARK [0][-]{chapter.10}{\376\377\000E\000s\000t\000i\000m\000a\000t\000i\000o\000n}{}% 56
\BOOKMARK [1][-]{section.10.1}{\376\377\000P\000o\000i\000n\000t\000\040\000E\000s\000t\000i\000m\000a\000t\000o\000r\000s}{chapter.10}% 57
\BOOKMARK [1][-]{section.10.2}{\376\377\000E\000v\000a\000l\000u\000a\000t\000i\000n\000g\000\040\000t\000h\000e\000\040\000E\000s\000t\000i\000m\000a\000t\000o\000r\000s}{chapter.10}% 58
\BOOKMARK [2][-]{subsection.10.2.1}{\376\377\000M\000e\000t\000h\000o\000d\000\040\000o\000f\000\040\000M\000o\000m\000e\000n\000t\000s\000\040\000\050\000M\000o\000M\000\051\000\040\000E\000s\000t\000i\000m\000a\000t\000o\000r}{section.10.2}% 59
\BOOKMARK [1][-]{section.10.3}{\376\377\000M\000a\000x\000i\000m\000u\000m\000\040\000L\000i\000k\000e\000l\000i\000h\000o\000o\000d\000\040\000E\000s\000t\000i\000m\000a\000t\000o\000r\000\040\000\050\000M\000L\000E\000\051}{chapter.10}% 60
\BOOKMARK [2][-]{subsection.10.3.1}{\376\377\000M\000L\000E\000\040\000b\000a\000s\000e\000d\000\040\000o\000n\000\040\000g\000r\000o\000u\000p\000e\000d\000\040\000d\000a\000t\000a}{section.10.3}% 61
\BOOKMARK [0][-]{chapter.11}{\376\377\000E\000v\000a\000l\000u\000a\000t\000i\000n\000g\000\040\000t\000h\000e\000\040\000g\000o\000o\000d\000n\000e\000s\000s\000\040\000o\000f\000\040\000e\000s\000t\000i\000m\000a\000t\000o\000r\000s}{}% 62
\BOOKMARK [1][-]{section.11.1}{\376\377\000R\000e\000l\000a\000t\000i\000v\000e\000\040\000e\000f\000f\000i\000c\000i\000e\000n\000c\000y}{chapter.11}% 63
\BOOKMARK [1][-]{section.11.2}{\376\377\000C\000o\000n\000s\000i\000s\000t\000e\000n\000c\000y}{chapter.11}% 64
\BOOKMARK [1][-]{section.11.3}{\376\377\000S\000u\000f\000f\000i\000c\000i\000e\000n\000c\000y}{chapter.11}% 65
\BOOKMARK [1][-]{section.11.4}{\376\377\000V\000a\000r\000i\000a\000n\000c\000e\000\040\000o\000f\000\040\000e\000s\000t\000i\000m\000a\000t\000o\000r\000s\000\040\000b\000a\000s\000e\000d\000\040\000o\000n\000\040\000s\000u\000f\000f\000i\000c\000i\000e\000n\000t\000\040\000s\000t\000a\000t\000i\000s\000t\000i\000c\000s}{chapter.11}% 66
\BOOKMARK [2][-]{subsection.11.4.1}{\376\377\000D\000e\000l\000t\000a\000\040\000m\000e\000t\000h\000o\000d\000\040\040\023\000\040\000V\000a\000r\000i\000a\000n\000c\000e\000\040\000o\000f\000\040\000f\000u\000n\000c\000t\000i\000o\000n\000s\000\040\000o\000f\000\040\000e\000s\000t\000i\000m\000a\000t\000o\000r\000s}{section.11.4}% 67
\BOOKMARK [0][-]{chapter.12}{\376\377\000C\000o\000n\000f\000i\000d\000e\000n\000c\000e\000\040\000I\000n\000t\000e\000r\000v\000a\000l\000s}{}% 68
\BOOKMARK [1][-]{section.12.1}{\376\377\000P\000i\000v\000o\000t\000a\000l\000\040\000Q\000u\000a\000n\000t\000i\000t\000i\000e\000s}{chapter.12}% 69
\BOOKMARK [1][-]{section.12.2}{\376\377\000C\000o\000n\000f\000i\000d\000e\000n\000c\000e\000\040\000I\000n\000t\000e\000r\000v\000a\000l\000\040\000f\000o\000r\000\040\000P\000o\000p\000u\000l\000a\000t\000i\000o\000n\000\040\000M\000e\000a\000n}{chapter.12}% 70
\BOOKMARK [2][-]{subsection.12.2.1}{\376\377\000C\000o\000n\000f\000i\000d\000e\000n\000c\000e\000\040\000i\000n\000t\000e\000r\000v\000a\000l\000\040\000f\000o\000r\000\040\000s\000m\000a\000l\000l\000\040\000s\000a\000m\000p\000l\000e\000\040\000m\000e\000a\000n}{section.12.2}% 71
\BOOKMARK [1][-]{section.12.3}{\376\377\000C\000o\000n\000f\000i\000d\000e\000n\000c\000e\000\040\000i\000n\000t\000e\000r\000v\000a\000l\000\040\000f\000o\000r\000\040\000p\000o\000p\000u\000l\000a\000t\000i\000o\000n\000\040\000p\000r\000o\000p\000o\000r\000t\000i\000o\000n}{chapter.12}% 72
\BOOKMARK [1][-]{section.12.4}{\376\377\000C\000o\000n\000f\000i\000d\000e\000n\000c\000e\000\040\000i\000n\000t\000e\000r\000v\000a\000l\000\040\000f\000o\000r\000\040\000u\000n\000k\000n\000o\000w\000n\000\040\000v\000a\000r\000i\000a\000n\000c\000e}{chapter.12}% 73
\BOOKMARK [2][-]{subsection.12.4.1}{\376\377\000C\000o\000n\000f\000i\000d\000e\000n\000c\000e\000\040\000I\000n\000t\000e\000r\000v\000a\000l\000\040\000f\000o\000r\000\040\000s\000t\000a\000n\000d\000a\000r\000d\000\040\000d\000e\000v\000i\000a\000t\000i\000o\000n}{section.12.4}% 74
\BOOKMARK [1][-]{section.12.5}{\376\377\000A\000p\000p\000r\000o\000x\000i\000m\000a\000t\000e\000\040\000C\000o\000n\000f\000i\000d\000e\000n\000c\000e\000\040\000I\000n\000t\000e\000r\000v\000a\000l\000\040\000w\000i\000t\000h\000\040\000M\000L\000E}{chapter.12}% 75
\BOOKMARK [0][-]{chapter.13}{\376\377\000H\000y\000p\000o\000t\000h\000e\000s\000i\000s\000\040\000t\000e\000s\000t\000i\000n\000g}{}% 76
\BOOKMARK [1][-]{section.13.1}{\376\377\000W\000h\000a\000t\000\040\000i\000s\000\040\000p\000-\000v\000a\000l\000u\000e\000?}{chapter.13}% 77
\BOOKMARK [1][-]{section.13.2}{\376\377\000T\000w\000o\000\040\000s\000a\000m\000p\000l\000e\000\040\000t\000e\000s\000t\000i\000n\000g}{chapter.13}% 78
\BOOKMARK [2][-]{subsection.13.2.1}{\376\377\000T\000w\000o\000\040\000s\000a\000m\000p\000l\000e\000s\000\040\000w\000i\000t\000h\000\040\000e\000q\000u\000a\000l\000\040\000u\000n\000k\000n\000o\000w\000n\000\040\000p\000o\000p\000u\000l\000a\000t\000i\000o\000n\000\040\000v\000a\000r\000i\000a\000n\000c\000e\000s}{section.13.2}% 79
\BOOKMARK [2][-]{subsection.13.2.2}{\376\377\000P\000a\000i\000r\000e\000d\000\040\000s\000a\000m\000p\000l\000e\000s\000\040\000t\000-\000t\000e\000s\000t}{section.13.2}% 80
\BOOKMARK [2][-]{subsection.13.2.3}{\376\377\000L\000a\000r\000g\000e\000-\000S\000a\000m\000p\000l\000e\000\040\000T\000e\000s\000t}{section.13.2}% 81
\BOOKMARK [1][-]{section.13.3}{\376\377\000P\000o\000w\000e\000r\000\040\000o\000f\000\040\000t\000e\000s\000t}{chapter.13}% 82
\BOOKMARK [2][-]{subsection.13.3.1}{\376\377\000N\000e\000y\000m\000a\000n\000-\000P\000e\000a\000r\000s\000o\000n\000\040\000L\000e\000m\000m\000a\000\040\000a\000n\000d\000\040\000p\000o\000w\000e\000r\000f\000u\000l\000\040\000t\000e\000s\000t}{section.13.3}% 83
\BOOKMARK [2][-]{subsection.13.3.2}{\376\377\000L\000i\000k\000e\000l\000i\000h\000o\000o\000d\000\040\000R\000a\000t\000i\000o\000\040\000T\000e\000s\000t}{section.13.3}% 84
\BOOKMARK [1][-]{section.13.4}{\376\377\000H\000y\000p\000o\000t\000h\000e\000s\000i\000s\000\040\000t\000e\000s\000t\000i\000n\000g\000\040\000f\000o\000r\000\040\000v\000a\000r\000i\000a\000n\000c\000e}{chapter.13}% 85
\BOOKMARK [0][-]{chapter.14}{\376\377\000L\000a\000r\000g\000e\000\040\000S\000a\000m\000p\000l\000e\000\040\000T\000h\000e\000o\000r\000y}{}% 86
\BOOKMARK [1][-]{section.14.1}{\376\377\000T\000r\000a\000n\000s\000f\000o\000r\000m\000a\000t\000i\000o\000n\000\040\000o\000f\000\040\000s\000t\000a\000t\000i\000s\000t\000i\000c\000s\000\040\000t\000o\000\040\000s\000t\000a\000b\000i\000l\000i\000z\000e\000\040\000v\000a\000r\000i\000a\000n\000c\000e}{chapter.14}% 87
\BOOKMARK [1][-]{section.14.2}{\376\377\000S\000t\000a\000b\000i\000l\000i\000z\000a\000t\000i\000o\000n\000\040\000o\000f\000\040\000v\000a\000r\000i\000a\000n\000c\000e}{chapter.14}% 88
\BOOKMARK [0][-]{chapter.15}{\376\377\000A\000n\000a\000l\000y\000s\000i\000s\000\040\000o\000f\000\040\000V\000a\000r\000i\000a\000n\000c\000e}{}% 89
\BOOKMARK [1][-]{section.15.1}{\376\377\000O\000n\000e\000-\000w\000a\000y\000\040\000A\000N\000O\000V\000A}{chapter.15}% 90
\BOOKMARK [1][-]{section.15.2}{\376\377\000T\000e\000s\000t\000\040\000f\000o\000r\000\040\000t\000h\000e\000\040\000H\000o\000m\000o\000g\000e\000n\000e\000i\000t\000y\000\040\000o\000f\000\040\000V\000a\000r\000i\000a\000n\000c\000e\000s}{chapter.15}% 91
\BOOKMARK [2][-]{subsection.15.2.1}{\376\377\000L\000e\000v\000e\000n\000e\000'\000s\000\040\000t\000e\000s\000t}{section.15.2}% 92
\BOOKMARK [0][-]{chapter.16}{\376\377\000S\000i\000m\000p\000l\000e\000\040\000L\000i\000n\000e\000a\000r\000\040\000R\000e\000g\000r\000e\000s\000s\000i\000o\000n}{}% 93
\BOOKMARK [1][-]{section.16.1}{\376\377\000L\000e\000a\000s\000t\000\040\000s\000q\000u\000a\000r\000e\000s\000\040\000M\000e\000t\000h\000o\000d}{chapter.16}% 94
\BOOKMARK [1][-]{section.16.2}{\376\377\000M\000a\000k\000i\000n\000g\000\040\000I\000n\000f\000e\000r\000e\000n\000c\000e}{chapter.16}% 95
\BOOKMARK [2][-]{subsection.16.2.1}{\376\377\000E\000s\000t\000i\000m\000a\000t\000e\000\040\000o\000f\000\040\0002}{section.16.2}% 96
\BOOKMARK [2][-]{subsection.16.2.2}{\376\377\000I\000n\000f\000e\000r\000e\000n\000c\000e\000\040\000a\000b\000o\000u\000t\000\040\000t\000h\000e\000\040\000S\000l\000o\000p\000e\000\040\000p\000a\000r\000a\000m\000e\000t\000e\000r\000\040\0001}{section.16.2}% 97
\BOOKMARK [1][-]{section.16.3}{\376\377\000P\000r\000e\000d\000i\000c\000t\000i\000o\000n}{chapter.16}% 98
\BOOKMARK [2][-]{subsection.16.3.1}{\376\377\000P\000r\000e\000d\000i\000c\000t\000i\000o\000n\000\040\000v\000s\000\040\000E\000s\000t\000i\000m\000a\000t\000i\000o\000n}{section.16.3}% 99
\BOOKMARK [1][-]{section.16.4}{\376\377\000C\000o\000r\000r\000e\000l\000a\000t\000i\000o\000n\000:\000\040\000H\000o\000w\000\040\000s\000t\000r\000o\000n\000g\000\040\000i\000s\000\040\000t\000h\000e\000\040\000l\000i\000n\000e\000a\000r\000\040\000r\000e\000l\000a\000t\000i\000o\000n\000s\000h\000i\000p\000?}{chapter.16}% 100
\BOOKMARK [1][-]{section.16.5}{\376\377\000R\000e\000g\000r\000e\000s\000s\000i\000o\000n\000\040\000A\000n\000a\000l\000y\000s\000i\000s\000\040\040\024\000\040\000A\000n\000a\000l\000y\000s\000i\000s\000\040\000o\000f\000\040\000V\000a\000r\000i\000a\000n\000c\000e\000\040\000A\000p\000p\000r\000o\000a\000c\000h}{chapter.16}% 101
\BOOKMARK [2][-]{subsection.16.5.1}{\376\377\000D\000e\000c\000o\000m\000p\000o\000s\000i\000t\000i\000o\000n\000\040\000o\000f\000\040\000S\000u\000m\000\040\000o\000f\000\040\000S\000q\000u\000a\000r\000e\000s}{section.16.5}% 102
\BOOKMARK [2][-]{subsection.16.5.2}{\376\377\000M\000e\000a\000n\000\040\000S\000q\000u\000a\000r\000e\000\040\000E\000r\000r\000o\000r}{section.16.5}% 103
\BOOKMARK [2][-]{subsection.16.5.3}{\376\377\000C\000o\000e\000f\000f\000i\000c\000i\000e\000n\000t\000\040\000o\000f\000\040\000d\000e\000t\000e\000r\000m\000i\000n\000a\000t\000i\000o\000n}{section.16.5}% 104
\BOOKMARK [0][-]{chapter.17}{\376\377\000B\000a\000y\000e\000s\000i\000a\000n\000\040\000I\000n\000f\000e\000r\000e\000n\000c\000e}{}% 105
\BOOKMARK [1][-]{section.17.1}{\376\377\000H\000y\000p\000o\000t\000h\000e\000s\000i\000s\000\040\000T\000e\000s\000t\000i\000n\000g\000\040\000u\000s\000i\000n\000g\000\040\000B\000a\000y\000e\000s\000i\000a\000n\000\040\000e\000s\000t\000i\000m\000a\000t\000i\000o\000n}{chapter.17}% 106
